[debug] [2024-06-13T03:39:12.211Z] ----------------------------------------------------------------------
[debug] [2024-06-13T03:39:12.214Z] Command:       C:\Program Files\nodejs\node.exe C:\Users\matth\AppData\Roaming\npm\node_modules\firebase-tools\lib\bin\firebase.js emulators:start
[debug] [2024-06-13T03:39:12.214Z] CLI Version:   13.11.2
[debug] [2024-06-13T03:39:12.214Z] Platform:      win32
[debug] [2024-06-13T03:39:12.214Z] Node Version:  v20.9.0
[debug] [2024-06-13T03:39:12.214Z] Time:          Wed Jun 12 2024 22:39:12 GMT-0500 (Central Daylight Time)
[debug] [2024-06-13T03:39:12.214Z] ----------------------------------------------------------------------
[debug] 
[debug] [2024-06-13T03:39:12.337Z] > command requires scopes: ["email","openid","https://www.googleapis.com/auth/cloudplatformprojects.readonly","https://www.googleapis.com/auth/firebase","https://www.googleapis.com/auth/cloud-platform"]
[debug] [2024-06-13T03:39:12.338Z] > authorizing via signed-in user (itsmatthewallen1@gmail.com)
[info] i  emulators: Starting emulators: functions, hosting {"metadata":{"emulator":{"name":"hub"},"message":"Starting emulators: functions, hosting"}}
[debug] [2024-06-13T03:39:12.349Z] [logging] Logging Emulator only supports listening on one address (127.0.0.1). Not listening on ::1
[debug] [2024-06-13T03:39:12.349Z] [hosting] Hosting Emulator only supports listening on one address (127.0.0.1). Not listening on ::1
[debug] [2024-06-13T03:39:12.349Z] assigned listening specs for emulators {"user":{"hub":[{"address":"127.0.0.1","family":"IPv4","port":4400},{"address":"::1","family":"IPv6","port":4400}],"ui":[{"address":"127.0.0.1","family":"IPv4","port":4000},{"address":"::1","family":"IPv6","port":4000}],"logging":[{"address":"127.0.0.1","family":"IPv4","port":4500}],"hosting":[{"address":"127.0.0.1","family":"IPv4","port":5000}]},"metadata":{"message":"assigned listening specs for emulators"}}
[debug] [2024-06-13T03:39:12.354Z] [hub] writing locator at C:\Users\matth\AppData\Local\Temp\hub-bytebuilders2-6acb6.json
[debug] [2024-06-13T03:39:12.374Z] [functions] Functions Emulator only supports listening on one address (127.0.0.1). Not listening on ::1
[debug] [2024-06-13T03:39:12.375Z] [eventarc] Eventarc Emulator only supports listening on one address (127.0.0.1). Not listening on ::1
[debug] [2024-06-13T03:39:12.375Z] late-assigned ports for functions and eventarc emulators {"user":{"hub":[{"address":"127.0.0.1","family":"IPv4","port":4400},{"address":"::1","family":"IPv6","port":4400}],"ui":[{"address":"127.0.0.1","family":"IPv4","port":4000},{"address":"::1","family":"IPv6","port":4000}],"logging":[{"address":"127.0.0.1","family":"IPv4","port":4500}],"hosting":[{"address":"127.0.0.1","family":"IPv4","port":5000}],"functions":[{"address":"127.0.0.1","family":"IPv4","port":5001}],"eventarc":[{"address":"127.0.0.1","family":"IPv4","port":9299}]},"metadata":{"message":"late-assigned ports for functions and eventarc emulators"}}
[warn] !  functions: The following emulators are not running, calls to these services from the Functions emulator will affect production: auth, firestore, database, pubsub, storage, dataconnect {"metadata":{"emulator":{"name":"functions"},"message":"The following emulators are not running, calls to these services from the Functions emulator will affect production: \u001b[1mauth, firestore, database, pubsub, storage, dataconnect\u001b[22m"}}
[debug] [2024-06-13T03:39:12.381Z] defaultcredentials: writing to file C:\Users\matth\AppData\Roaming\firebase\itsmatthewallen1_gmail_com_application_default_credentials.json
[debug] [2024-06-13T03:39:12.385Z] Setting GAC to C:\Users\matth\AppData\Roaming\firebase\itsmatthewallen1_gmail_com_application_default_credentials.json {"metadata":{"emulator":{"name":"functions"},"message":"Setting GAC to C:\\Users\\matth\\AppData\\Roaming\\firebase\\itsmatthewallen1_gmail_com_application_default_credentials.json"}}
[debug] [2024-06-13T03:39:12.387Z] >>> [apiv2][query] GET https://firebase.googleapis.com/v1beta1/projects/bytebuilders2-6acb6/adminSdkConfig [none]
[debug] [2024-06-13T03:39:12.631Z] <<< [apiv2][status] GET https://firebase.googleapis.com/v1beta1/projects/bytebuilders2-6acb6/adminSdkConfig 200
[debug] [2024-06-13T03:39:12.631Z] <<< [apiv2][body] GET https://firebase.googleapis.com/v1beta1/projects/bytebuilders2-6acb6/adminSdkConfig {"projectId":"bytebuilders2-6acb6","storageBucket":"bytebuilders2-6acb6.appspot.com"}
[debug] [2024-06-13T03:39:12.642Z] >>> [apiv2][query] GET https://firebasehosting.googleapis.com/v1beta1/projects/bytebuilders2-6acb6/sites 
[debug] [2024-06-13T03:39:12.914Z] <<< [apiv2][status] GET https://firebasehosting.googleapis.com/v1beta1/projects/bytebuilders2-6acb6/sites 200
[debug] [2024-06-13T03:39:12.915Z] <<< [apiv2][body] GET https://firebasehosting.googleapis.com/v1beta1/projects/bytebuilders2-6acb6/sites {"sites":[{"name":"projects/bytebuilders2-6acb6/sites/bytebuilders2-6acb6","defaultUrl":"https://bytebuilders2-6acb6.web.app","type":"DEFAULT_SITE"}]}
[debug] [2024-06-13T03:39:12.915Z] >>> [apiv2][query] GET https://firebase.googleapis.com/v1beta1/projects/bytebuilders2-6acb6/webApps/-/config [none]
[debug] [2024-06-13T03:39:13.115Z] <<< [apiv2][status] GET https://firebase.googleapis.com/v1beta1/projects/bytebuilders2-6acb6/webApps/-/config 200
[debug] [2024-06-13T03:39:13.115Z] <<< [apiv2][body] GET https://firebase.googleapis.com/v1beta1/projects/bytebuilders2-6acb6/webApps/-/config {"projectId":"bytebuilders2-6acb6","appId":"1:1061971976260:web:2a67683963e4890b5bdc11","storageBucket":"bytebuilders2-6acb6.appspot.com","apiKey":"AIzaSyASWjDGx4VfEwLwoD1eZR1WdVZhYk--c1k","authDomain":"bytebuilders2-6acb6.firebaseapp.com","messagingSenderId":"1061971976260"}
[debug] [2024-06-13T03:39:13.118Z] >>> [apiv2][query] GET https://firebase.googleapis.com/v1beta1/projects/bytebuilders2-6acb6 [none]
[debug] [2024-06-13T03:39:13.208Z] <<< [apiv2][status] GET https://firebase.googleapis.com/v1beta1/projects/bytebuilders2-6acb6 200
[debug] [2024-06-13T03:39:13.208Z] <<< [apiv2][body] GET https://firebase.googleapis.com/v1beta1/projects/bytebuilders2-6acb6 {"projectId":"bytebuilders2-6acb6","projectNumber":"1061971976260","displayName":"ByteBuilders2","name":"projects/bytebuilders2-6acb6","resources":{"hostingSite":"bytebuilders2-6acb6"},"state":"ACTIVE","etag":"1_ac2dd400-ffcd-4ab2-9af2-4b267e0af07e"}
[info] i  hosting[bytebuilders2-6acb6]: Serving hosting files from: dist {"metadata":{"emulator":{"name":"hosting"},"message":"Serving hosting files from: \u001b[1mdist\u001b[22m"}}
[info] +  hosting[bytebuilders2-6acb6]: Local server: http://127.0.0.1:5000 {"metadata":{"emulator":{"name":"hosting"},"message":"Local server: \u001b[4m\u001b[1mhttp://127.0.0.1:5000\u001b[22m\u001b[24m"}}
[debug] [2024-06-13T03:39:13.226Z] Ignoring unsupported arg: auto_download {"metadata":{"emulator":{"name":"ui"},"message":"Ignoring unsupported arg: auto_download"}}
[debug] [2024-06-13T03:39:13.227Z] Ignoring unsupported arg: port {"metadata":{"emulator":{"name":"ui"},"message":"Ignoring unsupported arg: port"}}
[debug] [2024-06-13T03:39:13.227Z] Starting Emulator UI with command {"binary":"node","args":["C:\\Users\\matth\\.cache\\firebase\\emulators\\ui-v1.12.1\\server\\server.mjs"],"optionalArgs":[],"joinArgs":false,"shell":false} {"metadata":{"emulator":{"name":"ui"},"message":"Starting Emulator UI with command {\"binary\":\"node\",\"args\":[\"C:\\\\Users\\\\matth\\\\.cache\\\\firebase\\\\emulators\\\\ui-v1.12.1\\\\server\\\\server.mjs\"],\"optionalArgs\":[],\"joinArgs\":false,\"shell\":false}"}}
[info] i  ui: Emulator UI logging to ui-debug.log {"metadata":{"emulator":{"name":"ui"},"message":"Emulator UI logging to \u001b[1mui-debug.log\u001b[22m"}}
[debug] [2024-06-13T03:39:13.382Z] Web / API server started at 127.0.0.1:4000
 {"metadata":{"emulator":{"name":"ui"},"message":"Web / API server started at 127.0.0.1:4000\n"}}
[debug] [2024-06-13T03:39:13.382Z] Web / API server started at ::1:4000
 {"metadata":{"emulator":{"name":"ui"},"message":"Web / API server started at ::1:4000\n"}}
[info] i  functions: Watching "C:\Users\matth\Documents\VSCode Projects\bytebuilders2\bytebuilders\functions" for Cloud Functions... {"metadata":{"emulator":{"name":"functions"},"message":"Watching \"C:\\Users\\matth\\Documents\\VSCode Projects\\bytebuilders2\\bytebuilders\\functions\" for Cloud Functions..."}}
[debug] [2024-06-13T03:39:13.458Z] Validating nodejs source
[debug] [2024-06-13T03:39:15.072Z] > [functions] package.json contents: {
  "name": "functions",
  "description": "Cloud Functions for Firebase",
  "scripts": {
    "lint": "eslint .",
    "serve": "firebase emulators:start --only functions",
    "shell": "firebase functions:shell",
    "start": "npm run shell",
    "deploy": "firebase deploy --only functions",
    "logs": "firebase functions:log"
  },
  "engines": {
    "node": "20"
  },
  "main": "index.js",
  "dependencies": {
    "firebase-admin": "^12.1.0",
    "firebase-functions": "^5.0.0",
    "nodemailer": "^6.9.13"
  },
  "devDependencies": {
    "@babel/core": "^7.24.7",
    "@babel/eslint-parser": "^7.24.7",
    "@babel/preset-env": "^7.24.7",
    "babel-eslint": "^10.1.0",
    "eslint": "^8.57.0",
    "eslint-config-google": "^0.14.0",
    "firebase-functions-test": "^3.1.0"
  },
  "private": true
}
[debug] [2024-06-13T03:39:15.073Z] Building nodejs source
[debug] [2024-06-13T03:39:15.073Z] Failed to find version of module node: reached end of search path C:\Users\matth\Documents\VSCode Projects\bytebuilders2\bytebuilders\functions\node_modules
[info] +  functions: Using node@20 from host. 
[info] i  functions: Loaded environment variables from .env. 
[debug] [2024-06-13T03:39:15.077Z] Could not find functions.yaml. Must use http discovery
[debug] [2024-06-13T03:39:15.085Z] Found firebase-functions binary at 'C:\Users\matth\Documents\VSCode Projects\bytebuilders2\bytebuilders\functions\node_modules\.bin\firebase-functions'
[info] Serving at port 8770

[error] TypeError: Cannot read properties of undefined (reading 'address')
    at Object.<anonymous> (C:\Users\matth\Documents\VSCode Projects\bytebuilders2\bytebuilders\functions\index.js:12:68)
    at Module._compile (node:internal/modules/cjs/loader:1241:14)
    at Module._extensions..js (node:internal/modules/cjs/loader:1295:10)
    at Module.load (node:internal/modules/cjs/loader:1091:32)
    at Module._load (node:internal/modules/cjs/loader:938:12)
    at Module.require (node:internal/modules/cjs/loader:1115:19)
    at require (node:internal/modules/helpers:130:18)
    at loadModule (C:\Users\matth\Documents\VSCode Projects\bytebuilders2\bytebuilders\functions\node_modules\firebase-functions\lib\runtime\loader.js:40:16)
    at loadStack (C:\Users\matth\Documents\VSCode Projects\bytebuilders2\bytebuilders\functions\node_modules\firebase-functions\lib\runtime\loader.js:93:23)
    at C:\Users\matth\Documents\VSCode Projects\bytebuilders2\bytebuilders\functions\node_modules\firebase-functions\lib\bin\firebase-functions.js:56:56

[debug] [2024-06-13T03:39:15.822Z] Got response code 400; body Failed to generate manifest from function source: TypeError: Cannot read properties of undefined (reading 'address')
[error] !!  functions: Failed to load function definition from source: FirebaseError: Functions codebase could not be analyzed successfully. It may have a syntax or runtime error {"metadata":{"emulator":{"name":"functions"},"message":"Failed to load function definition from source: FirebaseError: Functions codebase could not be analyzed successfully. It may have a syntax or runtime error"}}
[info] 
┌─────────────────────────────────────────────────────────────┐
│ ✔  All emulators ready! It is now safe to connect your app. │
│ i  View Emulator UI at http://127.0.0.1:4000/               │
└─────────────────────────────────────────────────────────────┘

┌───────────┬────────────────┬─────────────────────────────────┐
│ Emulator  │ Host:Port      │ View in Emulator UI             │
├───────────┼────────────────┼─────────────────────────────────┤
│ Functions │ 127.0.0.1:5001 │ http://127.0.0.1:4000/functions │
├───────────┼────────────────┼─────────────────────────────────┤
│ Hosting   │ 127.0.0.1:5000 │ n/a                             │
└───────────┴────────────────┴─────────────────────────────────┘
  Emulator Hub running at 127.0.0.1:4400
  Other reserved ports: 4500

Issues? Report them at https://github.com/firebase/firebase-tools/issues and attach the *-debug.log files.
 
[debug] [2024-06-13T03:43:23.773Z] File C:\Users\matth\Documents\VSCode Projects\bytebuilders2\bytebuilders\functions\index.js changed, reloading triggers {"metadata":{"emulator":{"name":"functions"},"message":"File C:\\Users\\matth\\Documents\\VSCode Projects\\bytebuilders2\\bytebuilders\\functions\\index.js changed, reloading triggers"}}
[debug] [2024-06-13T03:43:24.786Z] Validating nodejs source
[debug] [2024-06-13T03:43:26.421Z] > [functions] package.json contents: {
  "name": "functions",
  "description": "Cloud Functions for Firebase",
  "scripts": {
    "lint": "eslint .",
    "serve": "firebase emulators:start --only functions",
    "shell": "firebase functions:shell",
    "start": "npm run shell",
    "deploy": "firebase deploy --only functions",
    "logs": "firebase functions:log"
  },
  "engines": {
    "node": "20"
  },
  "main": "index.js",
  "dependencies": {
    "firebase-admin": "^12.1.0",
    "firebase-functions": "^5.0.0",
    "nodemailer": "^6.9.13"
  },
  "devDependencies": {
    "@babel/core": "^7.24.7",
    "@babel/eslint-parser": "^7.24.7",
    "@babel/preset-env": "^7.24.7",
    "babel-eslint": "^10.1.0",
    "eslint": "^8.57.0",
    "eslint-config-google": "^0.14.0",
    "firebase-functions-test": "^3.1.0"
  },
  "private": true
}
[debug] [2024-06-13T03:43:26.421Z] Building nodejs source
[debug] [2024-06-13T03:43:26.422Z] Failed to find version of module node: reached end of search path C:\Users\matth\Documents\VSCode Projects\bytebuilders2\bytebuilders\functions\node_modules
[info] +  functions: Using node@20 from host. 
[info] i  functions: Loaded environment variables from .env. 
[debug] [2024-06-13T03:43:26.424Z] Could not find functions.yaml. Must use http discovery
[debug] [2024-06-13T03:43:26.430Z] Found firebase-functions binary at 'C:\Users\matth\Documents\VSCode Projects\bytebuilders2\bytebuilders\functions\node_modules\.bin\firebase-functions'
[info] Serving at port 8295

[info] Email:  itsmatthewallen1@gmail.com
Password:  Loaded

[debug] [2024-06-13T03:43:27.092Z] Got response from /__/functions.yaml {"endpoints":{"sendContactEmail":{"platform":"gcfv1","labels":{},"availableMemoryMb":null,"timeoutSeconds":null,"minInstances":null,"maxInstances":null,"ingressSettings":null,"serviceAccountEmail":null,"vpc":null,"callableTrigger":{},"entryPoint":"sendContactEmail"}},"specVersion":"v1alpha1","requiredAPIs":[]}
[info] +  functions: Loaded functions definitions from source: sendContactEmail. {"metadata":{"emulator":{"name":"functions"},"message":"Loaded functions definitions from source: sendContactEmail."}}
[info] +  functions[us-central1-sendContactEmail]: http function initialized (http://127.0.0.1:5001/bytebuilders2-6acb6/us-central1/sendContactEmail). {"metadata":{"emulator":{"name":"functions"},"message":"\u001b[1mhttp\u001b[22m function initialized (http://127.0.0.1:5001/bytebuilders2-6acb6/us-central1/sendContactEmail)."}}
